<?xml version="1.0" encoding="UTF-8"?>
<robot generator="Robot 4.1.2 (Python 3.7.3 on win32)" generated="20211102 22:19:39.137" rpa="false" schemaversion="2">
<suite id="s1" name="Forloop" source="I:\robotAutomations\WorkWithForLoop\forloop.robot">
<test id="s1-t1" name="Work with strings">
<kw name="Create List" library="BuiltIn">
<var>@{list}</var>
<arg>1</arg>
<arg>2</arg>
<arg>3</arg>
<arg>4</arg>
<arg>5</arg>
<doc>Returns a list containing given items.</doc>
<msg timestamp="20211102 22:19:39.224" level="INFO">@{list} = [ 1 | 2 | 3 | 4 | 5 ]</msg>
<status status="PASS" starttime="20211102 22:19:39.223" endtime="20211102 22:19:39.225"/>
</kw>
<for flavor="IN">
<var>${i}</var>
<value>@{list}</value>
<iter>
<var name="${i}">1</var>
<kw name="Log To Console" library="BuiltIn">
<arg>${i}</arg>
<doc>Logs the given message to the console.</doc>
<status status="PASS" starttime="20211102 22:19:39.226" endtime="20211102 22:19:39.227"/>
</kw>
<kw name="Exit For Loop If" library="BuiltIn">
<arg>${i}==4</arg>
<doc>Stops executing the enclosing for loop if the ``condition`` is true.</doc>
<status status="PASS" starttime="20211102 22:19:39.227" endtime="20211102 22:19:39.228"/>
</kw>
<status status="PASS" starttime="20211102 22:19:39.226" endtime="20211102 22:19:39.228"/>
</iter>
<iter>
<var name="${i}">2</var>
<kw name="Log To Console" library="BuiltIn">
<arg>${i}</arg>
<doc>Logs the given message to the console.</doc>
<status status="PASS" starttime="20211102 22:19:39.228" endtime="20211102 22:19:39.229"/>
</kw>
<kw name="Exit For Loop If" library="BuiltIn">
<arg>${i}==4</arg>
<doc>Stops executing the enclosing for loop if the ``condition`` is true.</doc>
<status status="PASS" starttime="20211102 22:19:39.229" endtime="20211102 22:19:39.231"/>
</kw>
<status status="PASS" starttime="20211102 22:19:39.228" endtime="20211102 22:19:39.231"/>
</iter>
<iter>
<var name="${i}">3</var>
<kw name="Log To Console" library="BuiltIn">
<arg>${i}</arg>
<doc>Logs the given message to the console.</doc>
<status status="PASS" starttime="20211102 22:19:39.232" endtime="20211102 22:19:39.233"/>
</kw>
<kw name="Exit For Loop If" library="BuiltIn">
<arg>${i}==4</arg>
<doc>Stops executing the enclosing for loop if the ``condition`` is true.</doc>
<status status="PASS" starttime="20211102 22:19:39.233" endtime="20211102 22:19:39.234"/>
</kw>
<status status="PASS" starttime="20211102 22:19:39.231" endtime="20211102 22:19:39.235"/>
</iter>
<iter>
<var name="${i}">4</var>
<kw name="Log To Console" library="BuiltIn">
<arg>${i}</arg>
<doc>Logs the given message to the console.</doc>
<status status="PASS" starttime="20211102 22:19:39.235" endtime="20211102 22:19:39.236"/>
</kw>
<kw name="Exit For Loop If" library="BuiltIn">
<arg>${i}==4</arg>
<doc>Stops executing the enclosing for loop if the ``condition`` is true.</doc>
<msg timestamp="20211102 22:19:39.237" level="INFO">Exiting for loop altogether.</msg>
<status status="PASS" starttime="20211102 22:19:39.236" endtime="20211102 22:19:39.239"/>
</kw>
<status status="PASS" starttime="20211102 22:19:39.235" endtime="20211102 22:19:39.239"/>
</iter>
<status status="PASS" starttime="20211102 22:19:39.225" endtime="20211102 22:19:39.239"/>
</for>
<status status="PASS" starttime="20211102 22:19:39.222" endtime="20211102 22:19:39.240"/>
</test>
<status status="PASS" starttime="20211102 22:19:39.142" endtime="20211102 22:19:39.243"/>
</suite>
<statistics>
<total>
<stat pass="1" fail="0" skip="0">All Tests</stat>
</total>
<tag>
</tag>
<suite>
<stat pass="1" fail="0" skip="0" id="s1" name="Forloop">Forloop</stat>
</suite>
</statistics>
<errors>
</errors>
</robot>
