<?xml version="1.0" encoding="UTF-8"?>
<robot generator="Robot 4.1.2 (Python 3.7.3 on win32)" generated="20211124 13:33:26.284" rpa="false" schemaversion="2">
<suite id="s1" name="GroupingTags" source="I:\robotAutomations\GroupingTags.robot">
<test id="s1-t1" name="TC1 Registration">
<kw name="Log To Console" library="BuiltIn">
<arg>this is user reg test</arg>
<doc>Logs the given message to the console.</doc>
<status status="PASS" starttime="20211124 13:33:26.338" endtime="20211124 13:33:26.339"/>
</kw>
<kw name="Log To Console" library="BuiltIn">
<arg>this is user reg test complete</arg>
<doc>Logs the given message to the console.</doc>
<status status="PASS" starttime="20211124 13:33:26.340" endtime="20211124 13:33:26.340"/>
</kw>
<tag>sanity</tag>
<status status="PASS" starttime="20211124 13:33:26.337" endtime="20211124 13:33:26.341"/>
</test>
<test id="s1-t2" name="TC2 Login">
<kw name="Log To Console" library="BuiltIn">
<arg>this is user log test</arg>
<doc>Logs the given message to the console.</doc>
<status status="PASS" starttime="20211124 13:33:26.343" endtime="20211124 13:33:26.344"/>
</kw>
<kw name="Log To Console" library="BuiltIn">
<arg>this is user log test complete</arg>
<doc>Logs the given message to the console.</doc>
<status status="PASS" starttime="20211124 13:33:26.345" endtime="20211124 13:33:26.345"/>
</kw>
<tag>sanity</tag>
<status status="PASS" starttime="20211124 13:33:26.342" endtime="20211124 13:33:26.346"/>
</test>
<test id="s1-t3" name="TC3 Change user name">
<kw name="Log To Console" library="BuiltIn">
<arg>this is user name test</arg>
<doc>Logs the given message to the console.</doc>
<status status="PASS" starttime="20211124 13:33:26.349" endtime="20211124 13:33:26.349"/>
</kw>
<kw name="Log To Console" library="BuiltIn">
<arg>this is user name test complete</arg>
<doc>Logs the given message to the console.</doc>
<status status="PASS" starttime="20211124 13:33:26.350" endtime="20211124 13:33:26.350"/>
</kw>
<tag>regression</tag>
<status status="PASS" starttime="20211124 13:33:26.348" endtime="20211124 13:33:26.352"/>
</test>
<test id="s1-t4" name="TC4">
<kw name="Log To Console" library="BuiltIn">
<arg>this is user logout test</arg>
<doc>Logs the given message to the console.</doc>
<status status="PASS" starttime="20211124 13:33:26.354" endtime="20211124 13:33:26.355"/>
</kw>
<kw name="Log To Console" library="BuiltIn">
<arg>this is user logout test complete</arg>
<doc>Logs the given message to the console.</doc>
<status status="PASS" starttime="20211124 13:33:26.356" endtime="20211124 13:33:26.356"/>
</kw>
<tag>sanity</tag>
<status status="PASS" starttime="20211124 13:33:26.354" endtime="20211124 13:33:26.357"/>
</test>
<status status="PASS" starttime="20211124 13:33:26.287" endtime="20211124 13:33:26.360"/>
</suite>
<statistics>
<total>
<stat pass="4" fail="0" skip="0">All Tests</stat>
</total>
<tag>
<stat pass="1" fail="0" skip="0">regression</stat>
<stat pass="3" fail="0" skip="0">sanity</stat>
</tag>
<suite>
<stat pass="4" fail="0" skip="0" id="s1" name="GroupingTags">GroupingTags</stat>
</suite>
</statistics>
<errors>
</errors>
</robot>
