<?xml version="1.0" encoding="UTF-8"?>
<robot generator="Robot 4.1.2 (Python 3.7.3 on win32)" generated="20211101 22:25:18.251" rpa="false" schemaversion="2">
<suite id="s1" name="mouseOpearion" source="I:\robotAutomations\mouseOperations\mouseOpearion.robot">
<test id="s1-t1" name="MouseAction">
<kw name="Open Browser" library="SeleniumLibrary">
<arg>http://testautomationpractice.blogspot.com/</arg>
<arg>chrome</arg>
<doc>Opens a new browser instance to the optional ``url``.</doc>
<msg timestamp="20211101 22:25:18.674" level="INFO">Opening browser 'chrome' to base url 'http://testautomationpractice.blogspot.com/'.</msg>
<status status="PASS" starttime="20211101 22:25:18.673" endtime="20211101 22:25:27.487"/>
</kw>
<kw name="Maximize Browser Window" library="SeleniumLibrary">
<doc>Maximizes current browser window.</doc>
<status status="PASS" starttime="20211101 22:25:27.488" endtime="20211101 22:25:27.623"/>
</kw>
<kw name="Double Click Element" library="SeleniumLibrary">
<arg>xpath://*[@id="HTML10"]/div[1]/button</arg>
<doc>Double clicks the element identified by ``locator``.</doc>
<msg timestamp="20211101 22:25:27.624" level="INFO">Double clicking element 'xpath://*[@id="HTML10"]/div[1]/button'.</msg>
<status status="PASS" starttime="20211101 22:25:27.624" endtime="20211101 22:25:27.929"/>
</kw>
<kw name="Sleep" library="BuiltIn">
<arg>3</arg>
<doc>Pauses the test executed for the given time.</doc>
<msg timestamp="20211101 22:25:30.940" level="INFO">Slept 3 seconds</msg>
<status status="PASS" starttime="20211101 22:25:27.930" endtime="20211101 22:25:30.940"/>
</kw>
<kw name="Go To" library="SeleniumLibrary">
<arg>http://www.dhtmlgoodies.com/scripts/drag-drop-custom/demo-drag-drop-3.html</arg>
<doc>Navigates the current browser window to the provided ``url``.</doc>
<msg timestamp="20211101 22:25:30.942" level="INFO">Opening url 'http://www.dhtmlgoodies.com/scripts/drag-drop-custom/demo-drag-drop-3.html'</msg>
<status status="PASS" starttime="20211101 22:25:30.942" endtime="20211101 22:25:34.987"/>
</kw>
<kw name="Maximize Browser Window" library="SeleniumLibrary">
<doc>Maximizes current browser window.</doc>
<status status="PASS" starttime="20211101 22:25:34.989" endtime="20211101 22:25:34.995"/>
</kw>
<kw name="Drag And Drop" library="SeleniumLibrary">
<arg>id:box2</arg>
<arg>id:box106</arg>
<doc>Drags the element identified by ``locator`` into the ``target`` element.</doc>
<status status="PASS" starttime="20211101 22:25:34.996" endtime="20211101 22:25:35.614"/>
</kw>
<kw name="Sleep" library="BuiltIn">
<arg>3</arg>
<doc>Pauses the test executed for the given time.</doc>
<msg timestamp="20211101 22:25:38.615" level="INFO">Slept 3 seconds</msg>
<status status="PASS" starttime="20211101 22:25:35.615" endtime="20211101 22:25:38.615"/>
</kw>
<kw name="Close Browser" library="SeleniumLibrary">
<doc>Closes the current browser.</doc>
<status status="PASS" starttime="20211101 22:25:38.616" endtime="20211101 22:25:40.968"/>
</kw>
<status status="PASS" starttime="20211101 22:25:18.671" endtime="20211101 22:25:40.971"/>
</test>
<status status="PASS" starttime="20211101 22:25:18.255" endtime="20211101 22:25:40.981"/>
</suite>
<statistics>
<total>
<stat pass="1" fail="0" skip="0">All Tests</stat>
</total>
<tag>
</tag>
<suite>
<stat pass="1" fail="0" skip="0" id="s1" name="mouseOpearion">mouseOpearion</stat>
</suite>
</statistics>
<errors>
</errors>
</robot>
