<?xml version="1.0" encoding="UTF-8"?>
<robot generator="Robot 4.1.2 (Python 3.7.3 on win32)" generated="20211101 23:25:43.081" rpa="false" schemaversion="2">
<suite id="s1" name="userDefinedKeyword" source="I:\robotAutomations\userDefinedkeyword\userDefinedKeyword.robot">
<test id="s1-t1" name="TC1">
<kw name="launchBrowser" library="resources">
<var>${pageTitle}</var>
<arg>${url}</arg>
<arg>${browser}</arg>
<kw name="Open Browser" library="SeleniumLibrary">
<arg>${appurl}</arg>
<arg>${appbrowser}</arg>
<doc>Opens a new browser instance to the optional ``url``.</doc>
<msg timestamp="20211101 23:25:43.575" level="INFO">Opening browser 'chrome' to base url 'http://www.newtours.demoaut.com/'.</msg>
<status status="PASS" starttime="20211101 23:25:43.574" endtime="20211101 23:25:49.372"/>
</kw>
<kw name="Maximize Browser Window" library="SeleniumLibrary">
<doc>Maximizes current browser window.</doc>
<status status="PASS" starttime="20211101 23:25:49.372" endtime="20211101 23:25:50.153"/>
</kw>
<kw name="Get Title" library="SeleniumLibrary">
<var>${title}</var>
<doc>Returns the title of the current page.</doc>
<msg timestamp="20211101 23:25:50.166" level="INFO">${title} = demoaut.com - demoaut Resources and Information.</msg>
<status status="PASS" starttime="20211101 23:25:50.154" endtime="20211101 23:25:50.166"/>
</kw>
<msg timestamp="20211101 23:25:50.167" level="INFO">${pageTitle} = demoaut.com - demoaut Resources and Information.</msg>
<status status="PASS" starttime="20211101 23:25:43.573" endtime="20211101 23:25:50.167"/>
</kw>
<kw name="Log To Console" library="BuiltIn">
<arg>${pageTitle}</arg>
<doc>Logs the given message to the console.</doc>
<status status="PASS" starttime="20211101 23:25:50.168" endtime="20211101 23:25:50.168"/>
</kw>
<kw name="Log" library="BuiltIn">
<arg>${pageTitle}</arg>
<doc>Logs the given message with the given level.</doc>
<msg timestamp="20211101 23:25:50.172" level="INFO">demoaut.com - demoaut Resources and Information.</msg>
<status status="PASS" starttime="20211101 23:25:50.171" endtime="20211101 23:25:50.172"/>
</kw>
<kw name="Close Browser" library="SeleniumLibrary">
<doc>Closes the current browser.</doc>
<status status="PASS" starttime="20211101 23:25:50.172" endtime="20211101 23:25:53.641"/>
</kw>
<status status="PASS" starttime="20211101 23:25:43.571" endtime="20211101 23:25:53.644"/>
</test>
<status status="PASS" starttime="20211101 23:25:43.086" endtime="20211101 23:25:53.655"/>
</suite>
<statistics>
<total>
<stat pass="1" fail="0" skip="0">All Tests</stat>
</total>
<tag>
</tag>
<suite>
<stat pass="1" fail="0" skip="0" id="s1" name="userDefinedKeyword">userDefinedKeyword</stat>
</suite>
</statistics>
<errors>
</errors>
</robot>
