<?xml version="1.0" encoding="UTF-8"?>
<robot generator="Robot 4.1.2 (Python 3.7.3 on win32)" generated="20211108 21:51:26.967" rpa="false" schemaversion="2">
<suite id="s1" name="Table Demo" source="I:\robotAutomations\works_with_tables\table_demo.robot">
<test id="s1-t1" name="Table">
<kw name="Open Browser" library="SeleniumLibrary">
<arg>http://testautomationpractice.blogspot.com/</arg>
<arg>chrome</arg>
<doc>Opens a new browser instance to the optional ``url``.</doc>
<msg timestamp="20211108 21:51:27.376" level="INFO">Opening browser 'chrome' to base url 'http://testautomationpractice.blogspot.com/'.</msg>
<status status="PASS" starttime="20211108 21:51:27.376" endtime="20211108 21:51:39.250"/>
</kw>
<kw name="Maximize Browser Window" library="SeleniumLibrary">
<doc>Maximizes current browser window.</doc>
<status status="PASS" starttime="20211108 21:51:39.253" endtime="20211108 21:51:39.408"/>
</kw>
<kw name="Get Element Count" library="SeleniumLibrary">
<var>${rows}</var>
<arg>xpath://*[@id="HTML1"]/div[1]/table/tbody/tr</arg>
<doc>Returns the number of elements matching ``locator``.</doc>
<msg timestamp="20211108 21:51:39.448" level="INFO">${rows} = 7</msg>
<status status="PASS" starttime="20211108 21:51:39.409" endtime="20211108 21:51:39.448"/>
</kw>
<kw name="Get Element Count" library="SeleniumLibrary">
<var>${cols}</var>
<arg>xpath://*[@id="HTML1"]/div[1]/table/tbody/tr/th</arg>
<doc>Returns the number of elements matching ``locator``.</doc>
<msg timestamp="20211108 21:51:39.480" level="INFO">${cols} = 4</msg>
<status status="PASS" starttime="20211108 21:51:39.449" endtime="20211108 21:51:39.480"/>
</kw>
<kw name="Log To Console" library="BuiltIn">
<arg>${rows}</arg>
<doc>Logs the given message to the console.</doc>
<status status="PASS" starttime="20211108 21:51:39.481" endtime="20211108 21:51:39.482"/>
</kw>
<kw name="Log To Console" library="BuiltIn">
<arg>${cols}</arg>
<doc>Logs the given message to the console.</doc>
<status status="PASS" starttime="20211108 21:51:39.483" endtime="20211108 21:51:39.484"/>
</kw>
<kw name="Get Text" library="SeleniumLibrary">
<var>${data}</var>
<arg>xpath://*[@id="HTML1"]/div[1]/table/tbody/tr[5]/td[1]</arg>
<doc>Returns the text value of the element identified by ``locator``.</doc>
<msg timestamp="20211108 21:51:39.540" level="INFO">${data} = Master In Selenium</msg>
<status status="PASS" starttime="20211108 21:51:39.485" endtime="20211108 21:51:39.540"/>
</kw>
<kw name="Log To Console" library="BuiltIn">
<arg>${data}</arg>
<doc>Logs the given message to the console.</doc>
<status status="PASS" starttime="20211108 21:51:39.540" endtime="20211108 21:51:39.541"/>
</kw>
<kw name="Table Column Should Contain" library="SeleniumLibrary">
<arg>xpath://table[@name='BookTable']</arg>
<arg>2</arg>
<arg>Author</arg>
<doc>Verifies table column contains text ``expected``.</doc>
<status status="PASS" starttime="20211108 21:51:39.542" endtime="20211108 21:51:39.605"/>
</kw>
<kw name="Table Row Should Contain" library="SeleniumLibrary">
<arg>xpath://table[@name='BookTable']</arg>
<arg>4</arg>
<arg>Animesh</arg>
<doc>Verifies that table row contains text ``expected``.</doc>
<status status="PASS" starttime="20211108 21:51:39.606" endtime="20211108 21:51:39.677"/>
</kw>
<kw name="Table Cell Should Contain" library="SeleniumLibrary">
<arg>xpath://table[@name='BookTable']</arg>
<arg>4</arg>
<arg>2</arg>
<arg>Animesh</arg>
<doc>Verifies table cell contains text ``expected``.</doc>
<msg timestamp="20211108 21:51:39.762" level="INFO">Table cell contains 'Animesh'.</msg>
<status status="PASS" starttime="20211108 21:51:39.677" endtime="20211108 21:51:39.763"/>
</kw>
<kw name="Table Header Should Contain" library="SeleniumLibrary">
<arg>xpath://table[@name='BookTable']</arg>
<arg>Subject</arg>
<doc>Verifies table header contains text ``expected``.</doc>
<status status="PASS" starttime="20211108 21:51:39.763" endtime="20211108 21:51:39.883"/>
</kw>
<kw name="Close Browser" library="SeleniumLibrary">
<doc>Closes the current browser.</doc>
<status status="PASS" starttime="20211108 21:51:39.883" endtime="20211108 21:51:42.136"/>
</kw>
<status status="PASS" starttime="20211108 21:51:27.375" endtime="20211108 21:51:42.137"/>
</test>
<status status="PASS" starttime="20211108 21:51:26.971" endtime="20211108 21:51:42.140"/>
</suite>
<statistics>
<total>
<stat pass="1" fail="0" skip="0">All Tests</stat>
</total>
<tag>
</tag>
<suite>
<stat pass="1" fail="0" skip="0" id="s1" name="Table Demo">Table Demo</stat>
</suite>
</statistics>
<errors>
</errors>
</robot>
