<?xml version="1.0" encoding="UTF-8"?>
<robot generator="Robot 4.1.2 (Python 3.7.3 on win32)" generated="20211108 23:04:58.470" rpa="false" schemaversion="2">
<suite id="s1" name="DDT1" source="I:\robotAutomations\data_driven_testing\DDT1.robot">
<kw name="Open my browser" library="login_resources" type="SETUP">
<kw name="Open Browser" library="SeleniumLibrary">
<arg>${login_url}</arg>
<arg>${browser}</arg>
<doc>Opens a new browser instance to the optional ``url``.</doc>
<msg timestamp="20211108 23:04:59.048" level="INFO">Opening browser 'chrome' to base url 'https://admin-demo.nopcommerce.com/login?ReturnUrl=%2Fadmin%2F'.</msg>
<status status="PASS" starttime="20211108 23:04:59.048" endtime="20211108 23:05:03.843"/>
</kw>
<kw name="Maximize Browser Window" library="SeleniumLibrary">
<doc>Maximizes current browser window.</doc>
<status status="PASS" starttime="20211108 23:05:03.843" endtime="20211108 23:05:03.974"/>
</kw>
<status status="PASS" starttime="20211108 23:04:59.047" endtime="20211108 23:05:03.975"/>
</kw>
<test id="s1-t1" name="Right user empty password">
<kw name="Invalid login">
<arg>admin@yourstore.com</arg>
<arg>${EMPTY}</arg>
<kw name="user inputs" library="login_resources">
<arg>${username}</arg>
<kw name="Input Text" library="SeleniumLibrary">
<arg>id:Email</arg>
<arg>${username}</arg>
<doc>Types the given ``text`` into the text field identified by ``locator``.</doc>
<msg timestamp="20211108 23:05:03.990" level="INFO">Typing text 'admin@yourstore.com' into text field 'id:Email'.</msg>
<status status="PASS" starttime="20211108 23:05:03.988" endtime="20211108 23:05:04.377"/>
</kw>
<status status="PASS" starttime="20211108 23:05:03.985" endtime="20211108 23:05:04.377"/>
</kw>
<kw name="user password" library="login_resources">
<arg>${password}</arg>
<kw name="Input Text" library="SeleniumLibrary">
<arg>id:Password</arg>
<arg>${password}</arg>
<doc>Types the given ``text`` into the text field identified by ``locator``.</doc>
<msg timestamp="20211108 23:05:04.381" level="INFO">Typing text '' into text field 'id:Password'.</msg>
<status status="PASS" starttime="20211108 23:05:04.380" endtime="20211108 23:05:04.643"/>
</kw>
<status status="PASS" starttime="20211108 23:05:04.378" endtime="20211108 23:05:04.643"/>
</kw>
<kw name="click login btn" library="login_resources">
<kw name="Click Element" library="SeleniumLibrary">
<arg>xpath://button[contains(text(),'Log in')]</arg>
<doc>Click the element identified by ``locator``.</doc>
<msg timestamp="20211108 23:05:04.645" level="INFO">Clicking element 'xpath://button[contains(text(),'Log in')]'.</msg>
<status status="PASS" starttime="20211108 23:05:04.645" endtime="20211108 23:05:06.317"/>
</kw>
<status status="PASS" starttime="20211108 23:05:04.644" endtime="20211108 23:05:06.318"/>
</kw>
<kw name="error message" library="login_resources">
<kw name="Page Should Contain" library="SeleniumLibrary">
<arg>Login was unsuccessful</arg>
<doc>Verifies that current page contains ``text``.</doc>
<msg timestamp="20211108 23:05:06.358" level="INFO">Current page contains text 'Login was unsuccessful'.</msg>
<status status="PASS" starttime="20211108 23:05:06.319" endtime="20211108 23:05:06.358"/>
</kw>
<status status="PASS" starttime="20211108 23:05:06.318" endtime="20211108 23:05:06.358"/>
</kw>
<status status="PASS" starttime="20211108 23:05:03.978" endtime="20211108 23:05:06.359"/>
</kw>
<status status="PASS" starttime="20211108 23:05:03.975" endtime="20211108 23:05:06.360"/>
</test>
<kw name="close Browser" library="login_resources" type="TEARDOWN">
<kw name="Close All Browsers" library="SeleniumLibrary">
<doc>Closes all open browsers and resets the browser cache.</doc>
<status status="PASS" starttime="20211108 23:05:06.364" endtime="20211108 23:05:08.714"/>
</kw>
<status status="PASS" starttime="20211108 23:05:06.363" endtime="20211108 23:05:08.715"/>
</kw>
<status status="PASS" starttime="20211108 23:04:58.484" endtime="20211108 23:05:08.715"/>
</suite>
<statistics>
<total>
<stat pass="1" fail="0" skip="0">All Tests</stat>
</total>
<tag>
</tag>
<suite>
<stat pass="1" fail="0" skip="0" id="s1" name="DDT1">DDT1</stat>
</suite>
</statistics>
<errors>
</errors>
</robot>
