<?xml version="1.0" encoding="UTF-8"?>
<robot generator="Robot 4.1.2 (Python 3.7.3 on win32)" generated="20211102 21:34:50.936" rpa="false" schemaversion="2">
<suite id="s1" name="scrollPage" source="I:\robotAutomations\scrolling page\scrollPage.robot">
<test id="s1-t1" name="Scrolling Page">
<kw name="Open Browser" library="SeleniumLibrary">
<arg>https://www.wikipedia.org/</arg>
<arg>chrome</arg>
<doc>Opens a new browser instance to the optional ``url``.</doc>
<msg timestamp="20211102 21:34:51.970" level="INFO">Opening browser 'chrome' to base url 'https://www.wikipedia.org/'.</msg>
<status status="PASS" starttime="20211102 21:34:51.969" endtime="20211102 21:34:59.806"/>
</kw>
<kw name="Maximize Browser Window" library="SeleniumLibrary">
<doc>Maximizes current browser window.</doc>
<status status="PASS" starttime="20211102 21:34:59.809" endtime="20211102 21:34:59.962"/>
</kw>
<kw name="Sleep" library="BuiltIn">
<arg>3</arg>
<doc>Pauses the test executed for the given time.</doc>
<msg timestamp="20211102 21:35:02.970" level="INFO">Slept 3 seconds</msg>
<status status="PASS" starttime="20211102 21:34:59.964" endtime="20211102 21:35:02.971"/>
</kw>
<kw name="Execute Javascript" library="SeleniumLibrary">
<arg>window.scrollTo(0,document.body.scrollHeight)</arg>
<doc>Executes the given JavaScript code with possible arguments.</doc>
<msg timestamp="20211102 21:35:02.976" level="INFO">Executing JavaScript:
window.scrollTo(0,document.body.scrollHeight)
Without any arguments.</msg>
<status status="PASS" starttime="20211102 21:35:02.973" endtime="20211102 21:35:03.024"/>
</kw>
<kw name="Sleep" library="BuiltIn">
<arg>3</arg>
<doc>Pauses the test executed for the given time.</doc>
<msg timestamp="20211102 21:35:06.049" level="INFO">Slept 3 seconds</msg>
<status status="PASS" starttime="20211102 21:35:03.033" endtime="20211102 21:35:06.049"/>
</kw>
<kw name="Execute Javascript" library="SeleniumLibrary">
<arg>window.scrollTo(0,-document.body.scrollHeight)</arg>
<doc>Executes the given JavaScript code with possible arguments.</doc>
<msg timestamp="20211102 21:35:06.054" level="INFO">Executing JavaScript:
window.scrollTo(0,-document.body.scrollHeight)
Without any arguments.</msg>
<status status="PASS" starttime="20211102 21:35:06.052" endtime="20211102 21:35:06.072"/>
</kw>
<kw name="Close Browser" library="SeleniumLibrary">
<doc>Closes the current browser.</doc>
<status status="PASS" starttime="20211102 21:35:06.074" endtime="20211102 21:35:08.911"/>
</kw>
<status status="PASS" starttime="20211102 21:34:51.968" endtime="20211102 21:35:08.914"/>
</test>
<status status="PASS" starttime="20211102 21:34:50.946" endtime="20211102 21:35:08.921"/>
</suite>
<statistics>
<total>
<stat pass="1" fail="0" skip="0">All Tests</stat>
</total>
<tag>
</tag>
<suite>
<stat pass="1" fail="0" skip="0" id="s1" name="scrollPage">scrollPage</stat>
</suite>
</statistics>
<errors>
</errors>
</robot>
